<?xml version="1.0" encoding="UTF-8"?>
<!-- Generated by org.testng.reporters.JUnitReportReporter -->
<testsuite hostname="HP" name="mt.mstr.modules.Launch" tests="1" failures="0" timestamp="8 Jul 2019 07:40:04 GMT" time="17.792" errors="0">
  <testcase name="executeLaunch" time="17.792" classname="mt.mstr.modules.Launch"/>
</testsuite> <!-- mt.mstr.modules.Launch -->
