<?xml version="1.0" encoding="UTF-8"?>
<!-- Generated by org.testng.reporters.JUnitReportReporter -->
<testsuite hostname="HP" name="mt.mstr.modules.Login" tests="1" failures="0" timestamp="8 Jul 2019 07:40:04 GMT" time="18.107" errors="0">
  <testcase name="executeLoginwithValidds" time="18.107" classname="mt.mstr.modules.Login"/>
</testsuite> <!-- mt.mstr.modules.Login -->
