<?xml version="1.0" encoding="UTF-8"?>
<!-- Generated by org.testng.reporters.JUnitReportReporter -->
<testsuite skipped="0" hostname="HP" name="mt.mstr.modules.Launch" tests="1" failures="0" timestamp="07 Jul 2019 18:39:44 GMT" time="24.216" errors="0">
  <testcase name="executeLaunch" time="24.216" classname="mt.mstr.modules.Launch"/>
</testsuite> <!-- mt.mstr.modules.Launch -->
