<?xml version="1.0" encoding="UTF-8"?>
<!-- Generated by org.testng.reporters.JUnitReportReporter -->
<testsuite skipped="0" hostname="HP" name="mt.mstr.modules.Login" tests="1" failures="0" timestamp="07 Jul 2019 18:39:44 GMT" time="8.310" errors="0">
  <testcase name="executeLoginwithValidds" time="8.310" classname="mt.mstr.modules.Login"/>
</testsuite> <!-- mt.mstr.modules.Login -->
